<?xml version="1.0" encoding="UTF-8"?>
<testsuite name="ru.spbau.bachelor2015.veselov.hw08.MainTest" tests="1" skipped="0" failures="0" errors="0" timestamp="2016-11-19T10:38:02" hostname="ivan-X550LB" time="0.083">
  <properties/>
  <testcase name="main" classname="ru.spbau.bachelor2015.veselov.hw08.MainTest" time="0.083"/>
  <system-out><![CDATA[]]></system-out>
  <system-err><![CDATA[]]></system-err>
</testsuite>
